This is pdfTeX, Version 3.1415926-2.4-1.40.13 (MiKTeX 2.9 64-bit) (preloaded format=pdflatex 2012.7.19)  18 OCT 2012 23:35
entering extended mode
**tdllicor_documentation.tex

(C:\Dropbox\StatAcumen\consult\Authorship\DavidHanson_Isotopes_2009\R-package\t
ex_doc\tdllicor_documentation.tex
LaTeX2e <2011/06/27>
Babel <v3.8m> and hyphenation patterns for loaded.

(C:\Dropbox\StatAcumen\consult\Authorship\DavidHanson_Isotopes_2009\R-package\t
ex_doc\tdllicor_doc_documentclass.tex
("C:\Program Files\MiKTeX 2.9\tex\latex\base\book.cls"
Document Class: book 2007/10/19 v1.4h Standard LaTeX document class
("C:\Program Files\MiKTeX 2.9\tex\latex\base\bk12.clo"
File: bk12.clo 2007/10/19 v1.4h Standard LaTeX file (size option)
)
\c@part=\count79
\c@chapter=\count80
\c@section=\count81
\c@subsection=\count82
\c@subsubsection=\count83
\c@paragraph=\count84
\c@subparagraph=\count85
\c@figure=\count86
\c@table=\count87
\abovecaptionskip=\skip41
\belowcaptionskip=\skip42
\bibindent=\dimen102
))
(C:\Dropbox\StatAcumen\consult\Authorship\DavidHanson_Isotopes_2009\R-package\t
ex_doc\tdllicor_doc_envi.tex
("C:\Program Files\MiKTeX 2.9\tex\latex\geometry\geometry.sty"
Package: geometry 2010/09/12 v5.6 Page Geometry

("C:\Program Files\MiKTeX 2.9\tex\latex\graphics\keyval.sty"
Package: keyval 1999/03/16 v1.13 key=value parser (DPC)
\KV@toks@=\toks14
)
("C:\Program Files\MiKTeX 2.9\tex\generic\oberdiek\ifpdf.sty"
Package: ifpdf 2011/01/30 v2.3 Provides the ifpdf switch (HO)
Package ifpdf Info: pdfTeX in PDF mode is detected.
)
("C:\Program Files\MiKTeX 2.9\tex\generic\oberdiek\ifvtex.sty"
Package: ifvtex 2010/03/01 v1.5 Detect VTeX and its facilities (HO)
Package ifvtex Info: VTeX not detected.
)
("C:\Program Files\MiKTeX 2.9\tex\generic\ifxetex\ifxetex.sty"
Package: ifxetex 2010/09/12 v0.6 Provides ifxetex conditional
)
\Gm@cnth=\count88
\Gm@cntv=\count89
\c@Gm@tempcnt=\count90
\Gm@bindingoffset=\dimen103
\Gm@wd@mp=\dimen104
\Gm@odd@mp=\dimen105
\Gm@even@mp=\dimen106
\Gm@layoutwidth=\dimen107
\Gm@layoutheight=\dimen108
\Gm@layouthoffset=\dimen109
\Gm@layoutvoffset=\dimen110
\Gm@dimlist=\toks15

("C:\Program Files\MiKTeX 2.9\tex\latex\geometry\geometry.cfg"))
(C:\Users\erik\AppData\Roaming\MiKTeX\2.9\tex\latex\fancyhdr\fancyhdr.sty
\fancy@headwidth=\skip43
\f@ncyO@elh=\skip44
\f@ncyO@erh=\skip45
\f@ncyO@olh=\skip46
\f@ncyO@orh=\skip47
\f@ncyO@elf=\skip48
\f@ncyO@erf=\skip49
\f@ncyO@olf=\skip50
\f@ncyO@orf=\skip51
)
("C:\Program Files\MiKTeX 2.9\tex\latex\graphics\color.sty"
Package: color 2005/11/14 v1.0j Standard LaTeX Color (DPC)

("C:\Program Files\MiKTeX 2.9\tex\latex\00miktex\color.cfg"
File: color.cfg 2007/01/18 v1.5 color configuration of teTeX/TeXLive
)
Package color Info: Driver file: pdftex.def on input line 130.

("C:\Program Files\MiKTeX 2.9\tex\latex\pdftex-def\pdftex.def"
File: pdftex.def 2011/05/27 v0.06d Graphics/color for pdfTeX

("C:\Program Files\MiKTeX 2.9\tex\generic\oberdiek\infwarerr.sty"
Package: infwarerr 2010/04/08 v1.3 Providing info/warning/error messages (HO)
)
("C:\Program Files\MiKTeX 2.9\tex\generic\oberdiek\ltxcmds.sty"
Package: ltxcmds 2011/11/09 v1.22 LaTeX kernel commands for general use (HO)
)
\Gread@gobject=\count91
))
(C:\Users\erik\AppData\Roaming\MiKTeX\2.9\tex\latex\xcolor\xcolor.sty
Package: xcolor 2007/01/21 v2.11 LaTeX color extensions (UK)

("C:\Program Files\MiKTeX 2.9\tex\latex\00miktex\color.cfg"
File: color.cfg 2007/01/18 v1.5 color configuration of teTeX/TeXLive
)
Package xcolor Info: Driver file: pdftex.def on input line 225.
LaTeX Info: Redefining \color on input line 702.
Package xcolor Info: Model `cmy' substituted by `cmy0' on input line 1337.
Package xcolor Info: Model `hsb' substituted by `rgb' on input line 1341.
Package xcolor Info: Model `RGB' extended on input line 1353.
Package xcolor Info: Model `HTML' substituted by `rgb' on input line 1355.
Package xcolor Info: Model `Hsb' substituted by `hsb' on input line 1356.
Package xcolor Info: Model `tHsb' substituted by `hsb' on input line 1357.
Package xcolor Info: Model `HSB' substituted by `hsb' on input line 1358.
Package xcolor Info: Model `Gray' substituted by `gray' on input line 1359.
Package xcolor Info: Model `wave' substituted by `hsb' on input line 1360.

("C:\Program Files\MiKTeX 2.9\tex\latex\graphics\dvipsnam.def"
File: dvipsnam.def 1999/02/16 v3.0i Driver-dependant file (DPC,SPQR)
))
(C:\Users\erik\AppData\Roaming\MiKTeX\2.9\tex\latex\mdframed\mdframed.sty
Package: mdframed 2012/06/02 v1.6b: mdframed

("C:\Program Files\MiKTeX 2.9\tex\latex\oberdiek\kvoptions.sty"
Package: kvoptions 2011/06/30 v3.11 Key value format for package options (HO)

("C:\Program Files\MiKTeX 2.9\tex\generic\oberdiek\kvsetkeys.sty"
Package: kvsetkeys 2012/04/25 v1.16 Key value parser (HO)

("C:\Program Files\MiKTeX 2.9\tex\generic\oberdiek\etexcmds.sty"
Package: etexcmds 2011/02/16 v1.5 Avoid name clashes with e-TeX commands (HO)

("C:\Program Files\MiKTeX 2.9\tex\generic\oberdiek\ifluatex.sty"
Package: ifluatex 2010/03/01 v1.3 Provides the ifluatex switch (HO)
Package ifluatex Info: LuaTeX not detected.
)
Package etexcmds Info: Could not find \expanded.
(etexcmds)             That can mean that you are not using pdfTeX 1.50 or
(etexcmds)             that some package has redefined \expanded.
(etexcmds)             In the latter case, load this package earlier.
)))
(C:\Users\erik\AppData\Roaming\MiKTeX\2.9\tex\latex\l3packages\xparse\xparse.st
y (C:\Users\erik\AppData\Roaming\MiKTeX\2.9\tex\latex\l3kernel\expl3.sty
(C:\Users\erik\AppData\Roaming\MiKTeX\2.9\tex\latex\l3kernel\l3names.sty
(C:\Users\erik\AppData\Roaming\MiKTeX\2.9\tex\latex\l3kernel\l3bootstrap.sty
Package: l3bootstrap 2012/07/16 v3991 L3 Experimental bootstrap code
)
Package: l3names 2012/07/16 v3990 L3 Namespace for primitives
)
("C:\Program Files\MiKTeX 2.9\tex\latex\misc\etex.sty"
Package: etex 1998/03/26 v2.0 eTeX basic definition package (PEB)
\et@xins=\count92
)
Package: expl3 2012/08/14 v4091 L3 Experimental code bundle wrapper

(C:\Users\erik\AppData\Roaming\MiKTeX\2.9\tex\latex\l3kernel\l3basics.sty
Package: l3basics 2012/08/08 v4069 L3 Basic definitions
)
(C:\Users\erik\AppData\Roaming\MiKTeX\2.9\tex\latex\l3kernel\l3expan.sty
Package: l3expan 2012/08/10 v4073 L3 Argument expansion
)
(C:\Users\erik\AppData\Roaming\MiKTeX\2.9\tex\latex\l3kernel\l3tl.sty
Package: l3tl 2012/07/16 v3991 L3 Token lists
)
(C:\Users\erik\AppData\Roaming\MiKTeX\2.9\tex\latex\l3kernel\l3seq.sty
Package: l3seq 2012/07/16 v3991 L3 Sequences and stacks
)
(C:\Users\erik\AppData\Roaming\MiKTeX\2.9\tex\latex\l3kernel\l3int.sty
Package: l3int 2012/07/16 v3991 L3 Integers
\c_max_int=\count93
\l_tmpa_int=\count94
\l_tmpb_int=\count95
\g_tmpa_int=\count96
\g_tmpb_int=\count97
\l_tmpc_int=\count98
)
(C:\Users\erik\AppData\Roaming\MiKTeX\2.9\tex\latex\l3kernel\l3quark.sty
Package: l3quark 2012/08/08 v4065 L3 Quarks
)
(C:\Users\erik\AppData\Roaming\MiKTeX\2.9\tex\latex\l3kernel\l3prg.sty
Package: l3prg 2012/08/08 v4061 L3 Control structures
\g__prg_map_int=\count99
)
(C:\Users\erik\AppData\Roaming\MiKTeX\2.9\tex\latex\l3kernel\l3clist.sty
Package: l3clist 2012/07/16 v3991 L3 Comma separated lists
)
(C:\Users\erik\AppData\Roaming\MiKTeX\2.9\tex\latex\l3kernel\l3token.sty
Package: l3token 2012/08/08 v4069 L3 Experimental token manipulation
)
(C:\Users\erik\AppData\Roaming\MiKTeX\2.9\tex\latex\l3kernel\l3prop.sty
Package: l3prop 2012/07/16 v3991 L3 Property lists
)
(C:\Users\erik\AppData\Roaming\MiKTeX\2.9\tex\latex\l3kernel\l3msg.sty
Package: l3msg 2012/08/10 v4077 L3 Messages
)
(C:\Users\erik\AppData\Roaming\MiKTeX\2.9\tex\latex\l3kernel\l3file.sty
Package: l3file 2012/08/08 v4059 L3 File and I/O operations
\l__ior_stream_int=\count100
\l_iow_line_count_int=\count101
\l__iow_target_count_int=\count102
\l__iow_current_line_int=\count103
\l__iow_current_word_int=\count104
\l__iow_current_indentation_int=\count105
)
(C:\Users\erik\AppData\Roaming\MiKTeX\2.9\tex\latex\l3kernel\l3skip.sty
Package: l3skip 2012/07/16 v3991 L3 Dimensions and skips
\l_tmpa_dim=\dimen111
\l_tmpb_dim=\dimen112
\g_tmpa_dim=\dimen113
\g_tmpb_dim=\dimen114
\l_tmpa_skip=\skip52
\l_tmpb_skip=\skip53
\g_tmpa_skip=\skip54
\g_tmpb_skip=\skip55
\c_zero_muskip=\muskip10
\c_max_muskip=\muskip11
\l_tmpa_muskip=\muskip12
\l_tmpb_muskip=\muskip13
\g_tmpa_muskip=\muskip14
\g_tmpb_muskip=\muskip15
)
(C:\Users\erik\AppData\Roaming\MiKTeX\2.9\tex\latex\l3kernel\l3keys.sty
Package: l3keys 2012/07/16 v3991 L3 Experimental key-value interfaces
\g__keyval_level_int=\count106
\l_keys_choice_int=\count107
)
(C:\Users\erik\AppData\Roaming\MiKTeX\2.9\tex\latex\l3kernel\l3fp.sty
Package: l3fp 2012/08/14 v4089 L3 Floating points
\c__fp_leading_shift_int=\count108
\c__fp_middle_shift_int=\count109
\c__fp_trailing_shift_int=\count110
\c__fp_big_leading_shift_int=\count111
\c__fp_big_middle_shift_int=\count112
\c__fp_big_trailing_shift_int=\count113
\c__fp_Bigg_leading_shift_int=\count114
\c__fp_Bigg_middle_shift_int=\count115
\c__fp_Bigg_trailing_shift_int=\count116
)
(C:\Users\erik\AppData\Roaming\MiKTeX\2.9\tex\latex\l3kernel\l3box.sty
Package: l3box 2012/07/16 v3991 L3 Experimental boxes
\l_tmpb_box=\box26
\g_tmpa_box=\box27
\g_tmpb_box=\box28
)
(C:\Users\erik\AppData\Roaming\MiKTeX\2.9\tex\latex\l3kernel\l3coffins.sty
Package: l3coffins 2012/07/20 v4011 L3 Coffin code layer
\l__coffin_internal_box=\box29
\l__coffin_internal_dim=\dimen115
\l__coffin_offset_x_dim=\dimen116
\l__coffin_offset_y_dim=\dimen117
\l__coffin_x_dim=\dimen118
\l__coffin_y_dim=\dimen119
\l__coffin_x_prime_dim=\dimen120
\l__coffin_y_prime_dim=\dimen121
\c_empty_coffin=\box30
\l__coffin_aligned_coffin=\box31
\l__coffin_aligned_internal_coffin=\box32
\l_tmpa_coffin=\box33
\l_tmpb_coffin=\box34
\l__coffin_display_coffin=\box35
\l__coffin_display_coord_coffin=\box36
\l__coffin_display_pole_coffin=\box37
\l__coffin_display_offset_dim=\dimen122
\l__coffin_display_x_dim=\dimen123
\l__coffin_display_y_dim=\dimen124
)
(C:\Users\erik\AppData\Roaming\MiKTeX\2.9\tex\latex\l3kernel\l3color.sty
Package: l3color 2012/07/16 v3991 L3 Experimental colour support
)
(C:\Users\erik\AppData\Roaming\MiKTeX\2.9\tex\latex\l3kernel\l3luatex.sty
Package: l3luatex 2012/08/03 v4049 L3 Experimental LuaTeX-specific functions
\g__cctab_allocate_int=\count117
\g__cctab_stack_int=\count118
)
(C:\Users\erik\AppData\Roaming\MiKTeX\2.9\tex\latex\l3kernel\l3candidates.sty
Package: l3candidates 2012/05/12 v3633 L3 Experimental additions to l3kernel
\l__box_top_dim=\dimen125
\l__box_bottom_dim=\dimen126
\l__box_left_dim=\dimen127
\l__box_right_dim=\dimen128
\l__box_top_new_dim=\dimen129
\l__box_bottom_new_dim=\dimen130
\l__box_left_new_dim=\dimen131
\l__box_right_new_dim=\dimen132
\l__box_internal_box=\box38
\l__coffin_bounding_shift_dim=\dimen133
\l__coffin_left_corner_dim=\dimen134
\l__coffin_right_corner_dim=\dimen135
\l__coffin_bottom_corner_dim=\dimen136
\l__coffin_top_corner_dim=\dimen137
\l__coffin_scaled_total_height_dim=\dimen138
\l__coffin_scaled_width_dim=\dimen139
))
Package: xparse 2012/08/14 v4091 L3 Experimental document command parser
\l__xparse_current_arg_int=\count119
\l__xparse_m_args_int=\count120
\l__xparse_mandatory_args_int=\count121
\l__xparse_processor_int=\count122
\l__xparse_v_nesting_int=\count123
) (C:\Users\erik\AppData\Roaming\MiKTeX\2.9\tex\latex\etoolbox\etoolbox.sty
Package: etoolbox 2011/01/03 v2.1 e-TeX tools for LaTeX
\etb@tempcnta=\count124
)
("C:\Program Files\MiKTeX 2.9\tex\latex\oberdiek\zref-abspage.sty"
Package: zref-abspage 2012/04/04 v2.24 Module abspage for zref (HO)

("C:\Program Files\MiKTeX 2.9\tex\latex\oberdiek\zref-base.sty"
Package: zref-base 2012/04/04 v2.24 Module base for zref (HO)

("C:\Program Files\MiKTeX 2.9\tex\generic\oberdiek\kvdefinekeys.sty"
Package: kvdefinekeys 2011/04/07 v1.3 Define keys (HO)
)
("C:\Program Files\MiKTeX 2.9\tex\generic\oberdiek\pdftexcmds.sty"
Package: pdftexcmds 2011/11/29 v0.20 Utility functions of pdfTeX for LuaTeX (HO
)
Package pdftexcmds Info: LuaTeX not detected.
Package pdftexcmds Info: \pdf@primitive is available.
Package pdftexcmds Info: \pdf@ifprimitive is available.
Package pdftexcmds Info: \pdfdraftmode found.
)
("C:\Program Files\MiKTeX 2.9\tex\latex\oberdiek\auxhook.sty"
Package: auxhook 2011/03/04 v1.3 Hooks for auxiliary files (HO)
)
Package zref Info: New property list: main on input line 759.
Package zref Info: New property: default on input line 760.
Package zref Info: New property: page on input line 761.
)
("C:\Program Files\MiKTeX 2.9\tex\generic\oberdiek\atbegshi.sty"
Package: atbegshi 2011/10/05 v1.16 At begin shipout hook (HO)
)
\c@abspage=\count125
Package zref Info: New property: abspage on input line 62.
)
\mdf@templength=\skip56
\c@mdf@globalstyle@cnt=\count126
\mdf@skipabove@length=\skip57
\mdf@skipbelow@length=\skip58
\mdf@leftmargin@length=\skip59
\mdf@rightmargin@length=\skip60
\mdf@innerleftmargin@length=\skip61
\mdf@innerrightmargin@length=\skip62
\mdf@innertopmargin@length=\skip63
\mdf@innerbottommargin@length=\skip64
\mdf@splittopskip@length=\skip65
\mdf@splitbottomskip@length=\skip66
\mdf@outermargin@length=\skip67
\mdf@innermargin@length=\skip68
\mdf@linewidth@length=\skip69
\mdf@innerlinewidth@length=\skip70
\mdf@middlelinewidth@length=\skip71
\mdf@outerlinewidth@length=\skip72
\mdf@roundcorner@length=\skip73
\mdf@footenotedistance@length=\skip74
\mdf@userdefinedwidth@length=\skip75
\mdf@frametitleaboveskip@length=\skip76
\mdf@frametitlebelowskip@length=\skip77
\mdf@frametitlerulewidth@length=\skip78
\mdf@frametitleleftmargin@length=\skip79
\mdf@frametitlerightmargin@length=\skip80
\mdf@shadowsize@length=\skip81
\mdf@extratopheight@length=\skip82
\mdf@subtitleabovelinewidth@length=\skip83
\mdf@subtitlebelowlinewidth@length=\skip84
\mdf@subtitleaboveskip@length=\skip85
\mdf@subtitlebelowskip@length=\skip86
\mdf@subtitleinneraboveskip@length=\skip87
\mdf@subtitleinnerbelowskip@length=\skip88
\mdf@subsubtitleabovelinewidth@length=\skip89
\mdf@subsubtitlebelowlinewidth@length=\skip90
\mdf@subsubtitleaboveskip@length=\skip91
\mdf@subsubtitlebelowskip@length=\skip92
\mdf@subsubtitleinneraboveskip@length=\skip93
\mdf@subsubtitleinnerbelowskip@length=\skip94
\mdf@frametitlebox=\box39
\mdf@footnotebox=\box40
\mdf@splitbox@one=\box41
\mdf@splitbox@two=\box42
\mdf@splitbox@save=\box43
\mdfsplitboxwidth=\skip95
\mdfsplitboxtotalwidth=\skip96
\mdfsplitboxheight=\skip97
\mdfsplitboxdepth=\skip98
\mdfsplitboxtotalheight=\skip99
\mdfframetitleboxwidth=\skip100
\mdfframetitleboxtotalwidth=\skip101
\mdfframetitleboxheight=\skip102
\mdfframetitleboxdepth=\skip103
\mdfframetitleboxtotalheight=\skip104
\mdffootnoteboxwidth=\skip105
\mdffootnoteboxtotalwidth=\skip106
\mdffootnoteboxheight=\skip107
\mdffootnoteboxdepth=\skip108
\mdffootnoteboxtotalheight=\skip109
\mdftotallinewidth=\skip110
\mdfboundingboxwidth=\skip111
\mdfboundingboxtotalwidth=\skip112
\mdfboundingboxheight=\skip113
\mdfboundingboxdepth=\skip114
\mdfboundingboxtotalheight=\skip115
\mdf@freevspace@length=\skip116
\mdf@horizontalwidthofbox@length=\skip117
\mdf@verticalmarginwhole@length=\skip118


****** mdframed patching \endmdf@trivlist

****** -- success******

.................................................
. LaTeX info: "xparse/define-command"
. 
. Defining document command \newmdtheoremenv with arg. spec. 'O{} m o m o ' on
. line 544.
.................................................
.................................................
. LaTeX info: "xparse/define-command"
. 
. Defining document command \mdtheorem with arg. spec. ' O{} m o m o ' on line
. 635.
.................................................
(C:\Users\erik\AppData\Roaming\MiKTeX\2.9\tex\latex\mdframed\md-frame-0.mdf
File: md-frame-0.mdf 2012/06/02 v1.6b: md-frame-0
)
\c@mdf@zref@counter=\count127
Package zref Info: New property: mdf@pagevalue on input line 824.
\mdf@horizontalspaceofbox=\skip119
)
("C:\Program Files\MiKTeX 2.9\tex\latex\hyperref\nameref.sty"
Package: nameref 2012/07/31 v2.42 Cross-referencing by name of section

("C:\Program Files\MiKTeX 2.9\tex\latex\oberdiek\refcount.sty"
Package: refcount 2011/10/16 v3.4 Data extraction from label references (HO)
)
("C:\Program Files\MiKTeX 2.9\tex\generic\oberdiek\gettitlestring.sty"
Package: gettitlestring 2010/12/03 v1.4 Cleanup title references (HO)
)
\c@section@level=\count128
LaTeX Info: Redefining \ref on input line 343.
LaTeX Info: Redefining \pageref on input line 343.
)
("C:\Program Files\MiKTeX 2.9\tex\latex\ltxmisc\url.sty"
\Urlmuskip=\muskip16
Package: url 2006/04/12  ver 3.3  Verb mode for urls, etc.
)
("C:\Program Files\MiKTeX 2.9\tex\latex\graphics\graphicx.sty"
Package: graphicx 1999/02/16 v1.0f Enhanced LaTeX Graphics (DPC,SPQR)

("C:\Program Files\MiKTeX 2.9\tex\latex\graphics\graphics.sty"
Package: graphics 2009/02/05 v1.0o Standard LaTeX Graphics (DPC,SPQR)

("C:\Program Files\MiKTeX 2.9\tex\latex\graphics\trig.sty"
Package: trig 1999/03/16 v1.09 sin cos tan (DPC)
)
("C:\Program Files\MiKTeX 2.9\tex\latex\00miktex\graphics.cfg"
File: graphics.cfg 2007/01/18 v1.5 graphics configuration of teTeX/TeXLive
)
Package graphics Info: Driver file: pdftex.def on input line 91.
)
\Gin@req@height=\dimen140
\Gin@req@width=\dimen141
)
("C:\Program Files\MiKTeX 2.9\tex\latex\ams\math\amsmath.sty"
Package: amsmath 2000/07/18 v2.13 AMS math features
\@mathmargin=\skip120

For additional information on amsmath, use the `?' option.
("C:\Program Files\MiKTeX 2.9\tex\latex\ams\math\amstext.sty"
Package: amstext 2000/06/29 v2.01

("C:\Program Files\MiKTeX 2.9\tex\latex\ams\math\amsgen.sty"
File: amsgen.sty 1999/11/30 v2.0
\@emptytoks=\toks16
\ex@=\dimen142
))
("C:\Program Files\MiKTeX 2.9\tex\latex\ams\math\amsbsy.sty"
Package: amsbsy 1999/11/29 v1.2d
\pmbraise@=\dimen143
)
("C:\Program Files\MiKTeX 2.9\tex\latex\ams\math\amsopn.sty"
Package: amsopn 1999/12/14 v2.01 operator names
)
\inf@bad=\count129
LaTeX Info: Redefining \frac on input line 211.
\uproot@=\count130
\leftroot@=\count131
LaTeX Info: Redefining \overline on input line 307.
\classnum@=\count132
\DOTSCASE@=\count133
LaTeX Info: Redefining \ldots on input line 379.
LaTeX Info: Redefining \dots on input line 382.
LaTeX Info: Redefining \cdots on input line 467.
\Mathstrutbox@=\box44
\strutbox@=\box45
\big@size=\dimen144
LaTeX Font Info:    Redeclaring font encoding OML on input line 567.
LaTeX Font Info:    Redeclaring font encoding OMS on input line 568.
\macc@depth=\count134
\c@MaxMatrixCols=\count135
\dotsspace@=\muskip17
\c@parentequation=\count136
\dspbrk@lvl=\count137
\tag@help=\toks17
\row@=\count138
\column@=\count139
\maxfields@=\count140
\andhelp@=\toks18
\eqnshift@=\dimen145
\alignsep@=\dimen146
\tagshift@=\dimen147
\tagwidth@=\dimen148
\totwidth@=\dimen149
\lineht@=\dimen150
\@envbody=\toks19
\multlinegap=\skip121
\multlinetaggap=\skip122
\mathdisplay@stack=\toks20
LaTeX Info: Redefining \[ on input line 2666.
LaTeX Info: Redefining \] on input line 2667.
)
("C:\Program Files\MiKTeX 2.9\tex\latex\ams\classes\amsthm.sty"
Package: amsthm 2004/08/06 v2.20
\thm@style=\toks21
\thm@bodyfont=\toks22
\thm@headfont=\toks23
\thm@notefont=\toks24
\thm@headpunct=\toks25
\thm@preskip=\skip123
\thm@postskip=\skip124
\thm@headsep=\skip125
\dth@everypar=\toks26
)
("C:\Program Files\MiKTeX 2.9\tex\latex\amsfonts\amssymb.sty"
Package: amssymb 2009/06/22 v3.00

("C:\Program Files\MiKTeX 2.9\tex\latex\amsfonts\amsfonts.sty"
Package: amsfonts 2009/06/22 v3.00 Basic AMSFonts support
\symAMSa=\mathgroup4
\symAMSb=\mathgroup5
LaTeX Font Info:    Overwriting math alphabet `\mathfrak' in version `bold'
(Font)                  U/euf/m/n --> U/euf/b/n on input line 96.
))
("C:\Program Files\MiKTeX 2.9\tex\latex\tools\verbatim.sty"
Package: verbatim 2003/08/22 v1.5q LaTeX2e package for verbatim enhancements
\every@verbatim=\toks27
\verbatim@line=\toks28
\verbatim@in@stream=\read1
)
(C:\Users\erik\AppData\Roaming\MiKTeX\2.9\tex\latex\fancyvrb\fancyvrb.sty
Package: fancyvrb 2008/02/07

Style option: `fancyvrb' v2.7a, with DG/SPQR fixes, and firstline=lastline fix 
<2008/02/07> (tvz)
\FV@CodeLineNo=\count141
\FV@InFile=\read2
\FV@TabBox=\box46
\c@FancyVerbLine=\count142
\FV@StepNumber=\count143
\FV@OutFile=\write3
)
(C:\Users\erik\AppData\Roaming\MiKTeX\2.9\tex\latex\comment\comment.sty
\CommentStream=\write4

Excluding comment 'comment')
(C:\Users\erik\AppData\Roaming\MiKTeX\2.9\tex\latex\lineno\lineno.sty
Package: lineno 2005/11/02 line numbers on paragraphs v4.41
\linenopenalty=\count144
\output=\toks29
\linenoprevgraf=\count145
\linenumbersep=\dimen151
\linenumberwidth=\dimen152
\c@linenumber=\count146
\c@pagewiselinenumber=\count147
\c@LN@truepage=\count148
\c@internallinenumber=\count149
\c@internallinenumbers=\count150
\quotelinenumbersep=\dimen153
\bframerule=\dimen154
\bframesep=\dimen155
\bframebox=\box47
LaTeX Info: Redefining \\ on input line 3056.
)
("C:\Program Files\MiKTeX 2.9\tex\latex\tools\afterpage.sty"
Package: afterpage 1995/10/27 v1.08 After-Page Package (DPC)
\AP@output=\toks30
\AP@partial=\box48
\AP@footins=\box49
)
(C:\Users\erik\AppData\Roaming\MiKTeX\2.9\tex\latex\natbib\natbib.sty
Package: natbib 2010/09/13 8.31b (PWD, AO)
\bibhang=\skip126
\bibsep=\skip127
LaTeX Info: Redefining \cite on input line 694.
\c@NAT@ctr=\count151
)
(C:\Users\erik\AppData\Roaming\MiKTeX\2.9\tex\latex\totpages\totpages.sty
Package: totpages 2005/09/19 v2.00 Totpages Package (muewi)

(C:\Users\erik\AppData\Roaming\MiKTeX\2.9\tex\latex\ms\everyshi.sty
Package: everyshi 2001/05/15 v3.00 EveryShipout Package (MS)
))
(C:\Users\erik\AppData\Roaming\MiKTeX\2.9\tex\latex\listings\listings.sty
\lst@mode=\count152
\lst@gtempboxa=\box50
\lst@token=\toks31
\lst@length=\count153
\lst@currlwidth=\dimen156
\lst@column=\count154
\lst@pos=\count155
\lst@lostspace=\dimen157
\lst@width=\dimen158
\lst@newlines=\count156
\lst@lineno=\count157
\lst@maxwidth=\dimen159

(C:\Users\erik\AppData\Roaming\MiKTeX\2.9\tex\latex\listings\lstmisc.sty
File: lstmisc.sty 2007/02/22 1.4 (Carsten Heinz)
\c@lstnumber=\count158
\lst@skipnumbers=\count159
\lst@framebox=\box51
)
(C:\Users\erik\AppData\Roaming\MiKTeX\2.9\tex\latex\listings\listings.cfg
File: listings.cfg 2007/02/22 1.4 listings configuration
))
Package: listings 2007/02/22 1.4 (Carsten Heinz)

(C:\Users\erik\AppData\Roaming\MiKTeX\2.9\tex\latex\bold-extra\bold-extra.sty
Package: bold-extra 2001/11/13 v0.1 Use fonts from cm/mf-extra/bold
)
(C:\Users\erik\AppData\Roaming\MiKTeX\2.9\tex\latex\listings\lstlang1.sty
File: lstlang1.sty 2004/09/05 1.3 listings language file
)
(C:\Users\erik\AppData\Roaming\MiKTeX\2.9\tex\latex\listings\lstlang2.sty
File: lstlang2.sty 2004/09/05 1.3 listings language file
)
(C:\Users\erik\AppData\Roaming\MiKTeX\2.9\tex\latex\listings\lstlang3.sty
File: lstlang3.sty 2004/09/05 1.3 listings language file
))
(C:\Dropbox\StatAcumen\consult\Authorship\DavidHanson_Isotopes_2009\R-package\t
ex_doc\tdllicor_doc_highlight.tex
\hlnormalsizeboxclosebrace=\box52
\hlnormalsizeboxopenbrace=\box53
\hlnormalsizeboxbackslash=\box54
\hlnormalsizeboxlessthan=\box55
\hlnormalsizeboxgreaterthan=\box56
\hlnormalsizeboxdollar=\box57
\hlnormalsizeboxunderscore=\box58
\hlnormalsizeboxand=\box59
\hlnormalsizeboxhash=\box60
\hlnormalsizeboxat=\box61
\hlnormalsizeboxpercent=\box62
\hlnormalsizeboxhat=\box63
\hlnormalsizeboxsinglequote=\box64
\hlnormalsizeboxbacktick=\box65
LaTeX Font Info:    Try loading font information for OT1+pcr on input line 58.

("C:\Program Files\MiKTeX 2.9\tex\latex\psnfss\ot1pcr.fd"
File: ot1pcr.fd 2001/06/04 font definitions for OT1/pcr.
)
\hltinyboxclosebrace=\box66
\hltinyboxopenbrace=\box67
\hltinyboxbackslash=\box68
\hltinyboxlessthan=\box69
\hltinyboxgreaterthan=\box70
\hltinyboxdollar=\box71
\hltinyboxunderscore=\box72
\hltinyboxand=\box73
\hltinyboxhash=\box74
\hltinyboxat=\box75
\hltinyboxpercent=\box76
\hltinyboxhat=\box77
\hltinyboxsinglequote=\box78
\hltinyboxbacktick=\box79
\hlscriptsizeboxclosebrace=\box80
\hlscriptsizeboxopenbrace=\box81
\hlscriptsizeboxbackslash=\box82
\hlscriptsizeboxlessthan=\box83
\hlscriptsizeboxgreaterthan=\box84
\hlscriptsizeboxdollar=\box85
\hlscriptsizeboxunderscore=\box86
\hlscriptsizeboxand=\box87
\hlscriptsizeboxhash=\box88
\hlscriptsizeboxat=\box89
\hlscriptsizeboxpercent=\box90
\hlscriptsizeboxhat=\box91
\hlscriptsizeboxsinglequote=\box92
\hlscriptsizeboxbacktick=\box93
\hlfootnotesizeboxclosebrace=\box94
\hlfootnotesizeboxopenbrace=\box95
\hlfootnotesizeboxbackslash=\box96
\hlfootnotesizeboxlessthan=\box97
\hlfootnotesizeboxgreaterthan=\box98
\hlfootnotesizeboxdollar=\box99
\hlfootnotesizeboxunderscore=\box100
\hlfootnotesizeboxand=\box101
\hlfootnotesizeboxhash=\box102
\hlfootnotesizeboxat=\box103
\hlfootnotesizeboxpercent=\box104
\hlfootnotesizeboxhat=\box105
\hlfootnotesizeboxsinglequote=\box106
\hlfootnotesizeboxbacktick=\box107
\hlsmallboxclosebrace=\box108
\hlsmallboxopenbrace=\box109
\hlsmallboxbackslash=\box110
\hlsmallboxlessthan=\box111
\hlsmallboxgreaterthan=\box112
\hlsmallboxdollar=\box113
\hlsmallboxunderscore=\box114
\hlsmallboxand=\box115
\hlsmallboxhash=\box116
\hlsmallboxat=\box117
\hlsmallboxpercent=\box118
\hlsmallboxhat=\box119
\hlsmallboxsinglequote=\box120
\hlsmallboxbacktick=\box121
\hllargeboxclosebrace=\box122
\hllargeboxopenbrace=\box123
\hllargeboxbackslash=\box124
\hllargeboxlessthan=\box125
\hllargeboxgreaterthan=\box126
\hllargeboxdollar=\box127
\hllargeboxunderscore=\box128
\hllargeboxand=\box129
\hllargeboxhash=\box130
\hllargeboxat=\box131
\hllargeboxpercent=\box132
\hllargeboxhat=\box133
\hllargeboxsinglequote=\box134
\hllargeboxbacktick=\box135
\hlLargeboxclosebrace=\box136
\hlLargeboxopenbrace=\box137
\hlLargeboxbackslash=\box138
\hlLargeboxlessthan=\box139
\hlLargeboxgreaterthan=\box140
\hlLargeboxdollar=\box141
\hlLargeboxunderscore=\box142
\hlLargeboxand=\box143
\hlLargeboxhash=\box144
\hlLargeboxat=\box145
\hlLargeboxpercent=\box146
\hlLargeboxhat=\box147
\hlLargeboxsinglequote=\box148
\hlLargeboxbacktick=\box149
\hlLARGEboxclosebrace=\box150
\hlLARGEboxopenbrace=\box151
\hlLARGEboxbackslash=\box152
\hlLARGEboxlessthan=\box153
\hlLARGEboxgreaterthan=\box154
\hlLARGEboxdollar=\box155
\hlLARGEboxunderscore=\box156
\hlLARGEboxand=\box157
\hlLARGEboxhash=\box158
\hlLARGEboxat=\box159
\hlLARGEboxpercent=\box160
\hlLARGEboxhat=\box161
\hlLARGEboxsinglequote=\box162
\hlLARGEboxbacktick=\box163
\hlhugeboxclosebrace=\box164
\hlhugeboxopenbrace=\box165
\hlhugeboxbackslash=\box166
\hlhugeboxlessthan=\box167
\hlhugeboxgreaterthan=\box168
\hlhugeboxdollar=\box169
\hlhugeboxunderscore=\box170
\hlhugeboxand=\box171
\hlhugeboxhash=\box172
\hlhugeboxat=\box173
\hlhugeboxpercent=\box174
\hlhugeboxhat=\box175
\hlhugeboxsinglequote=\box176
\hlhugeboxbacktick=\box177
\hlHugeboxclosebrace=\box178
\hlHugeboxopenbrace=\box179
\hlHugeboxbackslash=\box180
\hlHugeboxlessthan=\box181
\hlHugeboxgreaterthan=\box182
\hlHugeboxdollar=\box183
\hlHugeboxunderscore=\box184
\hlHugeboxand=\box185
\hlHugeboxhash=\box186
\hlHugeboxat=\box187
\hlHugeboxpercent=\box188
\hlHugeboxhat=\box189
\hlHugeboxsinglequote=\box190
\hlHugeboxbacktick=\box191
)
(C:\Dropbox\StatAcumen\consult\Authorship\DavidHanson_Isotopes_2009\R-package\t
ex_doc\eeenvi.tex ("C:\Program Files\MiKTeX 2.9\tex\latex\ltxmisc\relsize.sty"
Package: relsize 2003/07/04 ver 3.1
) (C:\Users\erik\AppData\Roaming\MiKTeX\2.9\tex\latex\wasysym\wasysym.sty
Package: wasysym 2003/10/30 v2.0 Wasy-2 symbol support package
\symwasy=\mathgroup6
LaTeX Font Info:    Overwriting symbol font `wasy' in version `bold'
(Font)                  U/wasy/m/n --> U/wasy/b/n on input line 90.
)
("C:\Program Files\MiKTeX 2.9\tex\latex\jknappen\mathrsfs.sty"
Package: mathrsfs 1996/01/01 Math RSFS package v1.0 (jk)
\symrsfs=\mathgroup7
)
(C:\Users\erik\AppData\Roaming\MiKTeX\2.9\tex\latex\undertilde\undertilde.sty
Package: undertilde 2000/08/08 v1.0 Tilde under a math object
\knuthian@fdfive=\skip128
)
(C:\Users\erik\AppData\Roaming\MiKTeX\2.9\tex\latex\fixfoot\fixfoot.sty
Package: fixfoot 2007/12/12 v0.3a fixed-text footnotes
))
(C:\Dropbox\StatAcumen\consult\Authorship\DavidHanson_Isotopes_2009\R-package\t
ex_doc\tdllicor_documentation.aux
(C:\Dropbox\StatAcumen\consult\Authorship\DavidHanson_Isotopes_2009\R-package\t
ex_doc\tdllicor_doc_TitleTOC.aux)
(C:\Dropbox\StatAcumen\consult\Authorship\DavidHanson_Isotopes_2009\R-package\t
ex_doc\tdllicor_install-execute.aux)
(C:\Dropbox\StatAcumen\consult\Authorship\DavidHanson_Isotopes_2009\R-package\t
ex_doc\tdllicor_calculations.aux))
LaTeX Font Info:    Checking defaults for OML/cmm/m/it on input line 32.
LaTeX Font Info:    ... okay on input line 32.
LaTeX Font Info:    Checking defaults for T1/cmr/m/n on input line 32.
LaTeX Font Info:    ... okay on input line 32.
LaTeX Font Info:    Checking defaults for OT1/cmr/m/n on input line 32.
LaTeX Font Info:    ... okay on input line 32.
LaTeX Font Info:    Checking defaults for OMS/cmsy/m/n on input line 32.
LaTeX Font Info:    ... okay on input line 32.
LaTeX Font Info:    Checking defaults for OMX/cmex/m/n on input line 32.
LaTeX Font Info:    ... okay on input line 32.
LaTeX Font Info:    Checking defaults for U/cmr/m/n on input line 32.
LaTeX Font Info:    ... okay on input line 32.

*geometry* driver: auto-detecting
*geometry* detected driver: pdftex
*geometry* verbose mode - [ preamble ] result:
* driver: pdftex
* paper: letterpaper
* layout: <same size as paper>
* layoutoffset:(h,v)=(0.0pt,0.0pt)
* bindingoffset: 36.135pt
* modes: includehead includefoot twoside 
* h-part:(L,W,R)=(36.135pt, 505.89001pt, 36.135pt)
* v-part:(T,H,B)=(36.135pt, 722.7pt, 36.135pt)
* \paperwidth=614.295pt
* \paperheight=794.96999pt
* \textwidth=505.89001pt
* \textheight=660.8262pt
* \oddsidemargin=0.0pt
* \evensidemargin=-36.135pt
* \topmargin=-36.135pt
* \headheight=12.5pt
* \headsep=19.8738pt
* \topskip=12.0pt
* \footskip=30.0pt
* \marginparwidth=98.0pt
* \marginparsep=7.0pt
* \columnsep=10.0pt
* \skip\footins=10.8pt plus 4.0pt minus 2.0pt
* \hoffset=0.0pt
* \voffset=0.0pt
* \mag=1000
* \@twocolumnfalse
* \@twosidetrue
* \@mparswitchtrue
* \@reversemarginfalse
* (1in=72.27pt=25.4mm, 1cm=28.453pt)

(C:\Users\erik\AppData\Roaming\MiKTeX\2.9\tex\context\base\supp-pdf.mkii
[Loading MPS to PDF converter (version 2006.09.02).]
\scratchcounter=\count160
\scratchdimen=\dimen160
\scratchbox=\box192
\nofMPsegments=\count161
\nofMParguments=\count162
\everyMPshowfont=\toks32
\MPscratchCnt=\count163
\MPscratchDim=\dimen161
\MPnumerator=\count164
\makeMPintoPDFobject=\count165
\everyMPtoPDFconversion=\toks33
)
\AtBeginShipoutBox=\box193
 ABD: EveryShipout initializing macros
\c@lstlisting=\count166

(C:\Dropbox\StatAcumen\consult\Authorship\DavidHanson_Isotopes_2009\R-package\t
ex_doc\tdllicor_doc_defs.tex)
(C:\Dropbox\StatAcumen\consult\Authorship\DavidHanson_Isotopes_2009\R-package\t
ex_doc\eedefs.tex)
(C:\Dropbox\StatAcumen\consult\Authorship\DavidHanson_Isotopes_2009\R-package\t
ex_doc\tdllicor_doc_TitleTOC.tex
LaTeX Font Info:    Try loading font information for U+msa on input line 1.

("C:\Program Files\MiKTeX 2.9\tex\latex\amsfonts\umsa.fd"
File: umsa.fd 2009/06/22 v3.00 AMS symbols A
)
LaTeX Font Info:    Try loading font information for U+msb on input line 1.

("C:\Program Files\MiKTeX 2.9\tex\latex\amsfonts\umsb.fd"
File: umsb.fd 2009/06/22 v3.00 AMS symbols B
)
LaTeX Font Info:    Try loading font information for U+wasy on input line 1.

(C:\Users\erik\AppData\Roaming\MiKTeX\2.9\tex\latex\wasysym\uwasy.fd
File: uwasy.fd 2003/10/30 v2.0 Wasy-2 symbol font definitions
)
LaTeX Font Info:    Try loading font information for U+rsfs on input line 1.

("C:\Program Files\MiKTeX 2.9\tex\latex\jknappen\ursfs.fd"
File: ursfs.fd 1998/03/24 rsfs font definition file (jk)
) [1.1




{C:/Users/erik/AppData/Local/MiKTeX/2.9/pdftex/config/pdftex.map}]

Package Fancyhdr Warning: \headheight is too small (12.5pt): 
 Make it at least 14.49998pt.
 We now make it that large for the rest of the document.
 This may cause the page layout to be inconsistent, however.

[2.2

]
(C:\Dropbox\StatAcumen\consult\Authorship\DavidHanson_Isotopes_2009\R-package\t
ex_doc\tdllicor_documentation.toc)
\tf@toc=\write5
) [3.3] [4.4


]
(C:\Dropbox\StatAcumen\consult\Authorship\DavidHanson_Isotopes_2009\R-package\t
ex_doc\tdllicor_install-execute.tex
Chapter 1.
LaTeX Font Info:    Font shape `OT1/pcr/bx/n' in size <17.28> not available
(Font)              Font shape `OT1/pcr/b/n' tried instead on input line 34.
LaTeX Font Info:    Try loading font information for OMS+cmr on input line 40.
("C:\Program Files\MiKTeX 2.9\tex\latex\base\omscmr.fd"
File: omscmr.fd 1999/05/25 v2.5h Standard LaTeX font definitions
)
LaTeX Font Info:    Font shape `OMS/cmr/m/n' in size <12> not available
(Font)              Font shape `OMS/cmsy/m/n' tried instead on input line 40.
 [1.5


]
Underfull \hbox (badness 10000) in paragraph at lines 69--70

 []


Overfull \hbox (24.35574pt too wide) in paragraph at lines 77--78
[]\OT1/cmr/m/n/12 Append a meaningful suffix to the []\OT1/pcr/m/n/12 .xls \OT1
/cmr/m/n/12 file, such as []\OT1/pcr/m/n/12 tdllicor_template4_Name_WT001.xls 
 []

[2.6]
Package mdframed Info: mdframed works in twoside mode on input line 108.
LaTeX Font Info:    Font shape `OT1/pcr/bx/n' in size <10> not available
(Font)              Font shape `OT1/pcr/b/n' tried instead on input line 111.
) [3.7]
(C:\Dropbox\StatAcumen\consult\Authorship\DavidHanson_Isotopes_2009\R-package\t
ex_doc\tdllicor_calculations.tex [4.8



]
Chapter 2.
[5.9] [6.10]
Overfull \hbox (52.61668pt too wide) in paragraph at lines 195--208
\OT1/cmr/m/n/12 Illuminated leaves simultaneously assimilate (gross photosynthe
tic assimilation) and produce (photorespiration
 []


Overfull \hbox (0.27104pt too wide) in paragraph at lines 195--208
\OT1/cmr/m/n/12 and day respiration) CO$[]$. While photosynthesis is a building
 process, photorespiration is a breaking-
 []


Overfull \hbox (15.86984pt too wide) in paragraph at lines 209--225
\OT1/cmr/m/n/12 accounting for sources of uncertainty and prior information wil
l have broad application in understanding
 []

[7.11]
Overfull \hbox (2.44063pt too wide) in paragraph at lines 272--291
 \OT1/cmr/bx/n/12 Phase 1, Frequentist (bootstrap) modeling[] \OT1/cmr/m/n/12 T
he functional form of measurable and theoretical
 []


Overfull \hbox (10.77823pt too wide) in paragraph at lines 272--291
\OT1/cmr/m/n/12 will be developed for estimating (photo)respiration subject to 
variability from measureable parameters.
 []


Overfull \hbox (1.50888pt too wide) in paragraph at lines 306--316
\OT1/cmr/m/n/12 powerful experiment will be designed allowing all parameters to
 be estimated (avoiding confounding).
 []


Overfull \hbox (27.3239pt too wide) in paragraph at lines 306--316
\OT1/cmr/m/n/12 conditions will be used to inform the model parameters (from Ph
ases 1 and 2) regarding (photo)respiration
 []

[8.12] <Schematic_TDL-Licor2.pdf, id=53, 845.04686pt x 597.50786pt>
File: Schematic_TDL-Licor2.pdf Graphic file (type pdf)

<use Schematic_TDL-Licor2.pdf>
Package pdftex.def Info: Schematic_TDL-Licor2.pdf used on input line 356.
(pdftex.def)             Requested size: 404.71355pt x 286.16231pt.

Overfull \hbox (45.08484pt too wide) in paragraph at lines 390--397
\OT1/cmr/m/n/12 Farquhar's comprehensive model for discrimination [] includes t
erms for respiration $\OML/cmm/m/it/12 e[]$ \OT1/cmr/m/n/12 and photorespiratio
n
 []


Overfull \hbox (3.37512pt too wide) in paragraph at lines 390--397
\OML/cmm/m/it/12 f[]$ \OT1/cmr/m/n/12 (Farquhar and Sharkey, 1982; Farquhar and
 Richards, 1984). By conducting controlled experiments
 []


Overfull \hbox (25.85724pt too wide) in paragraph at lines 390--397
\OT1/cmr/m/n/12 that precisely estimate the other model parameters and that iso
late when respiration and photorespiration
 []

[9.13 <C:/Dropbox/StatAcumen/consult/Authorship/DavidHanson_Isotopes_2009/R-pac
kage/tex_doc/Schematic_TDL-Licor2.pdf>]
Overfull \hbox (3.79697pt too wide) in paragraph at lines 423--430
 \OT1/cmr/bx/n/12 Illustration of bootstrap method[] \OT1/cmr/m/n/12 To underst
and the intuition behind the bootstrap method,
 []


Overfull \hbox (3.95078pt too wide) in paragraph at lines 441--471
[]\OT1/cmr/m/n/12 This pressure term, $\OML/cmm/m/it/12 p[] \OT1/cmr/m/n/12 = (
\OML/cmm/m/it/12 C[]\OT1/cmr/m/n/12 10[])(\OML/cmm/m/it/12 p[]\OT1/cmr/m/n/12 1
0[])$, depends on a concentration ($\OML/cmm/m/it/12 C[]$\OT1/cmr/m/n/12 ) and 
the atmospheric
 []

[10.14]) [11.15] [12.16


]
(C:\Dropbox\StatAcumen\consult\Authorship\DavidHanson_Isotopes_2009\R-package\t
ex_doc\tdllicor_documentation.bbl
LaTeX Font Info:    Font shape `OT1/pcr/m/it' in size <12> not available
(Font)              Font shape `OT1/pcr/m/sl' tried instead on input line 26.
) [13.17

]
(C:\Dropbox\StatAcumen\consult\Authorship\DavidHanson_Isotopes_2009\R-package\t
ex_doc\tdllicor_documentation.aux
(C:\Dropbox\StatAcumen\consult\Authorship\DavidHanson_Isotopes_2009\R-package\t
ex_doc\tdllicor_doc_TitleTOC.aux)
(C:\Dropbox\StatAcumen\consult\Authorship\DavidHanson_Isotopes_2009\R-package\t
ex_doc\tdllicor_install-execute.aux)
(C:\Dropbox\StatAcumen\consult\Authorship\DavidHanson_Isotopes_2009\R-package\t
ex_doc\tdllicor_calculations.aux)) ) 
Here is how much of TeX's memory you used:
 13843 strings out of 495369
 224033 string characters out of 3183347
 339749 words of memory out of 3000000
 16698 multiletter control sequences out of 15000+200000
 20714 words of font info for 83 fonts, out of 3000000 for 9000
 0 hyphenation exceptions out of 8191
 46i,12n,48p,866b,1735s stack positions out of 5000i,500n,10000p,200000b,50000s
{C:/Program Files/MiKTeX 2.9/fonts/enc/dvip
s/fontname/8r.enc}<C:/Program Files/MiKTeX 2.9/fonts/type1/public/amsfonts/cm/c
mbx12.pfb><C:/Program Files/MiKTeX 2.9/fonts/type1/public/amsfonts/cm/cmex10.pf
b><C:/Program Files/MiKTeX 2.9/fonts/type1/public/amsfonts/cm/cmmi12.pfb><C:/Pr
ogram Files/MiKTeX 2.9/fonts/type1/public/amsfonts/cm/cmmi8.pfb><C:/Program Fil
es/MiKTeX 2.9/fonts/type1/public/amsfonts/cm/cmr12.pfb><C:/Program Files/MiKTeX
 2.9/fonts/type1/public/amsfonts/cm/cmr17.pfb><C:/Program Files/MiKTeX 2.9/font
s/type1/public/amsfonts/cm/cmr6.pfb><C:/Program Files/MiKTeX 2.9/fonts/type1/pu
blic/amsfonts/cm/cmr8.pfb><C:/Program Files/MiKTeX 2.9/fonts/type1/public/amsfo
nts/cm/cmsy10.pfb><C:/Program Files/MiKTeX 2.9/fonts/type1/public/amsfonts/cm/c
msy6.pfb><C:/Program Files/MiKTeX 2.9/fonts/type1/public/amsfonts/cm/cmsy8.pfb>
<C:/Program Files/MiKTeX 2.9/fonts/type1/public/amsfonts/cm/cmti12.pfb><C:/Prog
ram Files/MiKTeX 2.9/fonts/type1/urw/courier/ucrb8a.pfb><C:/Program Files/MiKTe
X 2.9/fonts/type1/urw/courier/ucrr8a.pfb><C:/Program Files/MiKTeX 2.9/fonts/typ
e1/urw/courier/ucrro8a.pfb><C:/Users/erik/AppData/Roaming/MiKTeX/2.9/fonts/type
1/public/wasy/wasy10.pfb>
Output written on tdllicor_documentation.pdf (17 pages, 650004 bytes).
PDF statistics:
 169 PDF objects out of 1000 (max. 8388607)
 0 named destinations out of 1000 (max. 500000)
 6 words of extra memory for PDF output out of 10000 (max. 10000000)

